  Source.cpp
c:\users\alumno\documents\github\tecnologies_19-20\actividades\src\aa1_02\source.cpp(18): warning C4297: 'SDL_main': function assumed not to throw an exception but does
  c:\users\alumno\documents\github\tecnologies_19-20\actividades\src\aa1_02\source.cpp(18): note: __declspec(nothrow), throw(), noexcept(true), or noexcept was specified on the function
c:\users\alumno\documents\github\tecnologies_19-20\actividades\src\aa1_02\source.cpp(23): warning C4297: 'SDL_main': function assumed not to throw an exception but does
  c:\users\alumno\documents\github\tecnologies_19-20\actividades\src\aa1_02\source.cpp(23): note: __declspec(nothrow), throw(), noexcept(true), or noexcept was specified on the function
c:\users\alumno\documents\github\tecnologies_19-20\actividades\src\aa1_02\source.cpp(28): warning C4297: 'SDL_main': function assumed not to throw an exception but does
  c:\users\alumno\documents\github\tecnologies_19-20\actividades\src\aa1_02\source.cpp(28): note: __declspec(nothrow), throw(), noexcept(true), or noexcept was specified on the function
c:\users\alumno\documents\github\tecnologies_19-20\actividades\src\aa1_02\source.cpp(32): warning C4297: 'SDL_main': function assumed not to throw an exception but does
  c:\users\alumno\documents\github\tecnologies_19-20\actividades\src\aa1_02\source.cpp(32): note: __declspec(nothrow), throw(), noexcept(true), or noexcept was specified on the function
c:\users\alumno\documents\github\tecnologies_19-20\actividades\src\aa1_02\source.cpp(35): warning C4297: 'SDL_main': function assumed not to throw an exception but does
  c:\users\alumno\documents\github\tecnologies_19-20\actividades\src\aa1_02\source.cpp(35): note: __declspec(nothrow), throw(), noexcept(true), or noexcept was specified on the function
c:\users\alumno\documents\github\tecnologies_19-20\actividades\src\aa1_02\source.cpp(39): warning C4297: 'SDL_main': function assumed not to throw an exception but does
  c:\users\alumno\documents\github\tecnologies_19-20\actividades\src\aa1_02\source.cpp(39): note: __declspec(nothrow), throw(), noexcept(true), or noexcept was specified on the function
c:\users\alumno\documents\github\tecnologies_19-20\actividades\src\aa1_02\source.cpp(45): warning C4297: 'SDL_main': function assumed not to throw an exception but does
  c:\users\alumno\documents\github\tecnologies_19-20\actividades\src\aa1_02\source.cpp(45): note: __declspec(nothrow), throw(), noexcept(true), or noexcept was specified on the function
c:\users\alumno\documents\github\tecnologies_19-20\actividades\src\aa1_02\source.cpp(50): warning C4297: 'SDL_main': function assumed not to throw an exception but does
  c:\users\alumno\documents\github\tecnologies_19-20\actividades\src\aa1_02\source.cpp(50): note: __declspec(nothrow), throw(), noexcept(true), or noexcept was specified on the function
c:\users\alumno\documents\github\tecnologies_19-20\actividades\src\aa1_02\source.cpp(59): warning C4297: 'SDL_main': function assumed not to throw an exception but does
  c:\users\alumno\documents\github\tecnologies_19-20\actividades\src\aa1_02\source.cpp(59): note: __declspec(nothrow), throw(), noexcept(true), or noexcept was specified on the function
c:\users\alumno\documents\github\tecnologies_19-20\actividades\src\aa1_02\source.cpp(63): warning C4297: 'SDL_main': function assumed not to throw an exception but does
  c:\users\alumno\documents\github\tecnologies_19-20\actividades\src\aa1_02\source.cpp(63): note: __declspec(nothrow), throw(), noexcept(true), or noexcept was specified on the function
c:\users\alumno\documents\github\tecnologies_19-20\actividades\src\aa1_02\source.cpp(102): warning C4297: 'SDL_main': function assumed not to throw an exception but does
  c:\users\alumno\documents\github\tecnologies_19-20\actividades\src\aa1_02\source.cpp(102): note: __declspec(nothrow), throw(), noexcept(true), or noexcept was specified on the function
c:\users\alumno\documents\github\tecnologies_19-20\actividades\src\aa1_02\source.cpp(105): warning C4297: 'SDL_main': function assumed not to throw an exception but does
  c:\users\alumno\documents\github\tecnologies_19-20\actividades\src\aa1_02\source.cpp(105): note: __declspec(nothrow), throw(), noexcept(true), or noexcept was specified on the function
  AA1_02.vcxproj -> C:\Users\alumno\Documents\GitHub\Tecnologies_19-20\Actividades\\bin\x64Debug\AA1_02.exe
  0 File(s) copied
