  LINK : C:\Users\pjaumira\Documents\GitHub\Tecnologies_19-20\\bin\x64Debug\SDL.exe not found or not built by the last incremental link; performing full link
  SDL.vcxproj -> C:\Users\pjaumira\Documents\GitHub\Tecnologies_19-20\\bin\x64Debug\SDL.exe
  C:\Users\pjaumira\Documents\GitHub\Tecnologies_19-20\\dep\dll\x64\libFLAC-8.dll
  C:\Users\pjaumira\Documents\GitHub\Tecnologies_19-20\\dep\dll\x64\libfreetype-6.dll
  C:\Users\pjaumira\Documents\GitHub\Tecnologies_19-20\\dep\dll\x64\libjpeg-9.dll
  C:\Users\pjaumira\Documents\GitHub\Tecnologies_19-20\\dep\dll\x64\libmikmod-2.dll
  C:\Users\pjaumira\Documents\GitHub\Tecnologies_19-20\\dep\dll\x64\libmodplug-1.dll
  C:\Users\pjaumira\Documents\GitHub\Tecnologies_19-20\\dep\dll\x64\libogg-0.dll
  C:\Users\pjaumira\Documents\GitHub\Tecnologies_19-20\\dep\dll\x64\libpng16-16.dll
  C:\Users\pjaumira\Documents\GitHub\Tecnologies_19-20\\dep\dll\x64\libtiff-5.dll
  C:\Users\pjaumira\Documents\GitHub\Tecnologies_19-20\\dep\dll\x64\libvorbis-0.dll
  C:\Users\pjaumira\Documents\GitHub\Tecnologies_19-20\\dep\dll\x64\libvorbisfile-3.dll
  C:\Users\pjaumira\Documents\GitHub\Tecnologies_19-20\\dep\dll\x64\libwebp-4.dll
  C:\Users\pjaumira\Documents\GitHub\Tecnologies_19-20\\dep\dll\x64\SDL2.dll
  C:\Users\pjaumira\Documents\GitHub\Tecnologies_19-20\\dep\dll\x64\SDL2_image.dll
  C:\Users\pjaumira\Documents\GitHub\Tecnologies_19-20\\dep\dll\x64\SDL2_mixer.dll
  C:\Users\pjaumira\Documents\GitHub\Tecnologies_19-20\\dep\dll\x64\SDL2_net.dll
  C:\Users\pjaumira\Documents\GitHub\Tecnologies_19-20\\dep\dll\x64\SDL2_ttf.dll
  C:\Users\pjaumira\Documents\GitHub\Tecnologies_19-20\\dep\dll\x64\smpeg2.dll
  C:\Users\pjaumira\Documents\GitHub\Tecnologies_19-20\\dep\dll\x64\zlib1.dll
  18 File(s) copied
